<?xml version='1.0'?>
<ns2:test-suite xmlns:ns2='urn:model.allure.qatools.yandex.ru' start='1649355149758' stop='1649355153454'>
    <name>Smoke test suite</name>
    <title>Smoke test suite</title>
    <test-cases>
        <test-case start='1649355149760' status='failed' stop='1649355153452'>
            <name>should verify login section</name>
            <title>should verify login section</title>
            <labels>
                <label name='language' value='javascript'/>
                <label name='framework' value='wdio'/>
                <label name='thread' value='0-0'/>
            </labels>
            <parameters>
                <parameter kind='argument' name='browser' value='chrome-99.0.4844.84'/>
            </parameters>
            <steps/>
            <attachments/>
            <failure>
                <message>expected 7 to equal 13      
                      actual expected
                      
                      713
                      </message>
                <stack-trace>AssertionError: expected 7 to equal 13
                    at F:\Javascript\Front-End-Web-Development\webdriverio\7.18.1_ts\test\specs\example.e2e.ts:152:40
                    at step (F:\Javascript\Front-End-Web-Development\webdriverio\7.18.1_ts\test\specs\example.e2e.ts:32:23)
                    at Object.next (F:\Javascript\Front-End-Web-Development\webdriverio\7.18.1_ts\test\specs\example.e2e.ts:13:53)
                    at fulfilled (F:\Javascript\Front-End-Web-Development\webdriverio\7.18.1_ts\test\specs\example.e2e.ts:4:58)</stack-trace>
            </failure>
        </test-case>
    </test-cases>
</ns2:test-suite>