<?xml version='1.0'?>
<ns2:test-suite xmlns:ns2='urn:model.allure.qatools.yandex.ru' start='1648729881144' stop='1648729891960'>
    <name>watches page</name>
    <title>watches page</title>
    <test-cases>
        <test-case start='1648729881151' status='passed' stop='1648729887786'>
            <name>should show the banner container</name>
            <title>should show the banner container</title>
            <labels>
                <label name='language' value='javascript'/>
                <label name='framework' value='wdio'/>
                <label name='thread' value='0-0'/>
            </labels>
            <parameters>
                <parameter kind='argument' name='browser' value='chrome-99.0.4844.84'/>
            </parameters>
            <steps/>
            <attachments/>
        </test-case>
        <test-case start='1648729887787' status='passed' stop='1648729888149'>
            <name>should show the banner title</name>
            <title>should show the banner title</title>
            <labels>
                <label name='language' value='javascript'/>
                <label name='framework' value='wdio'/>
                <label name='thread' value='0-0'/>
            </labels>
            <parameters>
                <parameter kind='argument' name='browser' value='chrome-99.0.4844.84'/>
            </parameters>
            <steps/>
            <attachments/>
        </test-case>
        <test-case start='1648729888149' status='passed' stop='1648729891861'>
            <name>should have url when click button</name>
            <title>should have url when click button</title>
            <labels>
                <label name='language' value='javascript'/>
                <label name='framework' value='wdio'/>
                <label name='thread' value='0-0'/>
            </labels>
            <parameters>
                <parameter kind='argument' name='browser' value='chrome-99.0.4844.84'/>
            </parameters>
            <steps/>
            <attachments/>
        </test-case>
        <test-case start='1648729891861' status='passed' stop='1648729891882'>
            <name>should have url when click button with chai</name>
            <title>should have url when click button with chai</title>
            <labels>
                <label name='language' value='javascript'/>
                <label name='framework' value='wdio'/>
                <label name='thread' value='0-0'/>
            </labels>
            <parameters>
                <parameter kind='argument' name='browser' value='chrome-99.0.4844.84'/>
            </parameters>
            <steps/>
            <attachments/>
        </test-case>
        <test-case start='1648729891882' status='failed' stop='1648729891958'>
            <name>should verify watches category list</name>
            <title>should verify watches category list</title>
            <labels>
                <label name='language' value='javascript'/>
                <label name='framework' value='wdio'/>
                <label name='thread' value='0-0'/>
            </labels>
            <parameters>
                <parameter kind='argument' name='browser' value='chrome-99.0.4844.84'/>
            </parameters>
            <steps/>
            <attachments/>
            <failure>
                <message>expected undefined to deeply equal [ 'Watches', 'Wristwatches', …(3) ]      
                      actual expected
                      
                      undefined[ 'Watches', 'Wristwatches', 'Other Watches', 'Pocket Watches', 'Time for a New Wristwatch?' ]
                      </message>
                <stack-trace>AssertionError: expected undefined to deeply equal [ 'Watches', 'Wristwatches', …(3) ]
                    at F:\Javascript\Front-End-Web-Development\webdriverio\7.18.1_ts\test\specs\watches2.ts:29:52
                    at step (F:\Javascript\Front-End-Web-Development\webdriverio\7.18.1_ts\test\specs\watches2.ts:33:23)
                    at Object.next (F:\Javascript\Front-End-Web-Development\webdriverio\7.18.1_ts\test\specs\watches2.ts:14:53)
                    at fulfilled (F:\Javascript\Front-End-Web-Development\webdriverio\7.18.1_ts\test\specs\watches2.ts:5:58)</stack-trace>
            </failure>
        </test-case>
    </test-cases>
</ns2:test-suite>